<?xml version="1.0" encoding="UTF-8"?>
<!-- Generated by org.testng.reporters.JUnitReportReporter -->
<testsuite skipped="0" hostname="Dhruba" name="testBase.TestBase" tests="1" failures="0" timestamp="01 Dec 2018 23:45:38 GMT" time="24.812" errors="0">
  <testcase name="Test1" time="24.812" classname="testBase.TestBase"/>
</testsuite> <!-- testBase.TestBase -->
